<?xml version="1.0" encoding="UTF-8"?>
<testsuite name="Automatizacion Demoblaze" tests="1" skipped="0" failures="0" errors="0" timestamp="2023-05-28T19:12:47" hostname="BIMAS26" time="25.229">
  <properties/>
  <testcase name="Buscar Producto Categoria" classname="Automatizacion Demoblaze" time="25.229"/>
  <system-out><![CDATA[]]></system-out>
  <system-err><![CDATA[Starting ChromeDriver 113.0.5672.63 (0e1a4471d5ae5bf128b1bd8f4d627c8cbd55f70c-refs/branch-heads/5672@{#912}) on port 30414
Only local connections are allowed.
Please see https://chromedriver.chromium.org/security-considerations for suggestions on keeping ChromeDriver safe.
ChromeDriver was started successfully.
may. 28, 2023 2:12:52 P. M. org.openqa.selenium.devtools.CdpVersionFinder findNearestMatch
WARNING: Unable to find an exact match for CDP version 113, so returning the closest version found: 112
]]></system-err>
</testsuite>
